<?xml version="1.0" encoding="UTF-8"?>
<testng-results ignored="0" total="1" passed="1" failed="0" skipped="0">
  <reporter-output>
  </reporter-output>
  <suite started-at="2022-05-18T22:47:10 IST" name="Default suite" finished-at="2022-05-18T22:47:22 IST" duration-ms="12125">
    <groups>
    </groups>
    <test started-at="2022-05-18T22:47:10 IST" name="Default test" finished-at="2022-05-18T22:47:22 IST" duration-ms="12125">
      <class name="testscript.Login">
        <test-method is-config="true" signature="openApp()[pri:0, instance:testscript.Login@383bfa16]" started-at="2022-05-18T22:47:10 IST" name="openApp" finished-at="2022-05-18T22:47:19 IST" duration-ms="9063" status="PASS">
          <reporter-output>
          </reporter-output>
        </test-method> <!-- openApp -->
        <test-method signature="tc()[pri:0, instance:testscript.Login@383bfa16]" started-at="2022-05-18T22:47:19 IST" name="tc" finished-at="2022-05-18T22:47:22 IST" duration-ms="2759" status="PASS">
          <reporter-output>
          </reporter-output>
        </test-method> <!-- tc -->
        <test-method is-config="true" signature="closeApp()[pri:0, instance:testscript.Login@383bfa16]" started-at="2022-05-18T22:47:22 IST" name="closeApp" finished-at="2022-05-18T22:47:22 IST" duration-ms="240" status="PASS">
          <reporter-output>
          </reporter-output>
        </test-method> <!-- closeApp -->
      </class> <!-- testscript.Login -->
    </test> <!-- Default test -->
  </suite> <!-- Default suite -->
</testng-results>
